2017-02-11 12:25:00,446 WARN org.apache.hadoop.util.NativeCodeLoader: Unable to load native-hadoop library for your platform... using builtin-java classes where applicable
2017-02-11 12:25:01,060 INFO org.apache.hadoop.conf.Configuration.deprecation: session.id is deprecated. Instead, use dfs.metrics.session-id
2017-02-11 12:25:01,061 INFO org.apache.hadoop.metrics.jvm.JvmMetrics: Initializing JVM Metrics with processName=JobTracker, sessionId=
2017-02-11 12:25:01,137 WARN org.apache.hadoop.security.UserGroupInformation: PriviledgedActionException as:cloudera (auth:SIMPLE) cause:org.apache.hadoop.mapred.FileAlreadyExistsException: Output directory file:/home/cloudera/Desktop/output/output4.txt already exists
2017-02-11 12:25:13,355 WARN org.apache.hadoop.util.NativeCodeLoader: Unable to load native-hadoop library for your platform... using builtin-java classes where applicable
2017-02-11 12:25:13,850 INFO org.apache.hadoop.conf.Configuration.deprecation: session.id is deprecated. Instead, use dfs.metrics.session-id
2017-02-11 12:25:13,853 INFO org.apache.hadoop.metrics.jvm.JvmMetrics: Initializing JVM Metrics with processName=JobTracker, sessionId=
2017-02-11 12:25:14,370 WARN org.apache.hadoop.mapreduce.JobResourceUploader: No job jar file set.  User classes may not be found. See Job or Job#setJar(String).
2017-02-11 12:25:14,393 INFO org.apache.hadoop.mapreduce.lib.input.FileInputFormat: Total input paths to process : 1
2017-02-11 12:25:14,523 INFO org.apache.hadoop.mapreduce.JobSubmitter: number of splits:1
2017-02-11 12:25:14,881 INFO org.apache.hadoop.mapreduce.JobSubmitter: Submitting tokens for job: job_local1082454907_0001
2017-02-11 12:25:15,270 INFO org.apache.hadoop.mapreduce.Job: The url to track the job: http://localhost:8080/
2017-02-11 12:25:15,271 INFO org.apache.hadoop.mapreduce.Job: Running job: job_local1082454907_0001
2017-02-11 12:25:15,273 INFO org.apache.hadoop.mapred.LocalJobRunner: OutputCommitter set in config null
2017-02-11 12:25:15,288 INFO org.apache.hadoop.mapreduce.lib.output.FileOutputCommitter: File Output Committer Algorithm version is 1
2017-02-11 12:25:15,293 INFO org.apache.hadoop.mapred.LocalJobRunner: OutputCommitter is org.apache.hadoop.mapreduce.lib.output.FileOutputCommitter
2017-02-11 12:25:15,397 INFO org.apache.hadoop.mapred.LocalJobRunner: Waiting for map tasks
2017-02-11 12:25:15,398 INFO org.apache.hadoop.mapred.LocalJobRunner: Starting task: attempt_local1082454907_0001_m_000000_0
2017-02-11 12:25:15,440 INFO org.apache.hadoop.mapreduce.lib.output.FileOutputCommitter: File Output Committer Algorithm version is 1
2017-02-11 12:25:15,457 INFO org.apache.hadoop.mapred.Task:  Using ResourceCalculatorProcessTree : [ ]
2017-02-11 12:25:15,459 INFO org.apache.hadoop.mapred.MapTask: Processing split: file:/home/cloudera/Desktop/output/map1.txt:0+230667
2017-02-11 12:25:15,605 INFO org.apache.hadoop.mapred.MapTask: (EQUATOR) 0 kvi 26214396(104857584)
2017-02-11 12:25:15,607 INFO org.apache.hadoop.mapred.MapTask: mapreduce.task.io.sort.mb: 100
2017-02-11 12:25:15,607 INFO org.apache.hadoop.mapred.MapTask: soft limit at 83886080
2017-02-11 12:25:15,607 INFO org.apache.hadoop.mapred.MapTask: bufstart = 0; bufvoid = 104857600
2017-02-11 12:25:15,607 INFO org.apache.hadoop.mapred.MapTask: kvstart = 26214396; length = 6553600
2017-02-11 12:25:15,616 INFO org.apache.hadoop.mapred.MapTask: Map output collector class = org.apache.hadoop.mapred.MapTask$MapOutputBuffer
2017-02-11 12:25:16,273 INFO org.apache.hadoop.mapreduce.Job: Job job_local1082454907_0001 running in uber mode : false
2017-02-11 12:25:16,273 INFO org.apache.hadoop.mapreduce.Job:  map 0% reduce 0%
2017-02-11 12:25:16,936 INFO org.apache.hadoop.mapred.LocalJobRunner: 
2017-02-11 12:25:16,936 INFO org.apache.hadoop.mapred.MapTask: Starting flush of map output
2017-02-11 12:25:16,936 INFO org.apache.hadoop.mapred.MapTask: Spilling map output
2017-02-11 12:25:16,936 INFO org.apache.hadoop.mapred.MapTask: bufstart = 0; bufend = 230667; bufvoid = 104857600
2017-02-11 12:25:16,936 INFO org.apache.hadoop.mapred.MapTask: kvstart = 26214396(104857584); kvend = 26187820(104751280); length = 26577/6553600
2017-02-11 12:25:17,750 INFO org.apache.hadoop.mapred.MapTask: Finished spill 0
2017-02-11 12:25:17,756 INFO org.apache.hadoop.mapred.Task: Task:attempt_local1082454907_0001_m_000000_0 is done. And is in the process of committing
2017-02-11 12:25:17,783 INFO org.apache.hadoop.mapred.LocalJobRunner: map
2017-02-11 12:25:17,785 INFO org.apache.hadoop.mapred.Task: Task 'attempt_local1082454907_0001_m_000000_0' done.
2017-02-11 12:25:17,786 INFO org.apache.hadoop.mapred.LocalJobRunner: Finishing task: attempt_local1082454907_0001_m_000000_0
2017-02-11 12:25:17,786 INFO org.apache.hadoop.mapred.LocalJobRunner: map task executor complete.
2017-02-11 12:25:17,792 INFO org.apache.hadoop.mapred.LocalJobRunner: Waiting for reduce tasks
2017-02-11 12:25:17,792 INFO org.apache.hadoop.mapred.LocalJobRunner: Starting task: attempt_local1082454907_0001_r_000000_0
2017-02-11 12:25:17,814 INFO org.apache.hadoop.mapreduce.lib.output.FileOutputCommitter: File Output Committer Algorithm version is 1
2017-02-11 12:25:17,814 INFO org.apache.hadoop.mapred.Task:  Using ResourceCalculatorProcessTree : [ ]
2017-02-11 12:25:17,818 INFO org.apache.hadoop.mapred.ReduceTask: Using ShuffleConsumerPlugin: org.apache.hadoop.mapreduce.task.reduce.Shuffle@4d01e500
2017-02-11 12:25:17,851 INFO org.apache.hadoop.mapreduce.task.reduce.MergeManagerImpl: MergerManager: memoryLimit=1396395136, maxSingleShuffleLimit=349098784, mergeThreshold=921620800, ioSortFactor=10, memToMemMergeOutputsThreshold=10
2017-02-11 12:25:17,865 INFO org.apache.hadoop.mapreduce.task.reduce.EventFetcher: attempt_local1082454907_0001_r_000000_0 Thread started: EventFetcher for fetching Map Completion Events
2017-02-11 12:25:17,933 INFO org.apache.hadoop.mapreduce.task.reduce.LocalFetcher: localfetcher#1 about to shuffle output of map attempt_local1082454907_0001_m_000000_0 decomp: 232655 len: 232659 to MEMORY
2017-02-11 12:25:17,941 INFO org.apache.hadoop.mapreduce.task.reduce.InMemoryMapOutput: Read 232655 bytes from map-output for attempt_local1082454907_0001_m_000000_0
2017-02-11 12:25:17,944 INFO org.apache.hadoop.mapreduce.task.reduce.MergeManagerImpl: closeInMemoryFile -> map-output of size: 232655, inMemoryMapOutputs.size() -> 1, commitMemory -> 0, usedMemory ->232655
2017-02-11 12:25:17,950 INFO org.apache.hadoop.mapreduce.task.reduce.EventFetcher: EventFetcher is interrupted.. Returning
2017-02-11 12:25:17,951 INFO org.apache.hadoop.mapred.LocalJobRunner: 1 / 1 copied.
2017-02-11 12:25:17,951 INFO org.apache.hadoop.mapreduce.task.reduce.MergeManagerImpl: finalMerge called with 1 in-memory map-outputs and 0 on-disk map-outputs
2017-02-11 12:25:17,960 INFO org.apache.hadoop.mapred.Merger: Merging 1 sorted segments
2017-02-11 12:25:17,960 INFO org.apache.hadoop.mapred.Merger: Down to the last merge-pass, with 1 segments left of total size: 232651 bytes
2017-02-11 12:25:18,059 INFO org.apache.hadoop.mapreduce.task.reduce.MergeManagerImpl: Merged 1 segments, 232655 bytes to disk to satisfy reduce memory limit
2017-02-11 12:25:18,060 INFO org.apache.hadoop.mapreduce.task.reduce.MergeManagerImpl: Merging 1 files, 232659 bytes from disk
2017-02-11 12:25:18,063 INFO org.apache.hadoop.mapreduce.task.reduce.MergeManagerImpl: Merging 0 segments, 0 bytes from memory into reduce
2017-02-11 12:25:18,063 INFO org.apache.hadoop.mapred.Merger: Merging 1 sorted segments
2017-02-11 12:25:18,063 INFO org.apache.hadoop.mapred.Merger: Down to the last merge-pass, with 1 segments left of total size: 232651 bytes
2017-02-11 12:25:18,065 INFO org.apache.hadoop.mapred.LocalJobRunner: 1 / 1 copied.
2017-02-11 12:25:18,085 INFO org.apache.hadoop.conf.Configuration.deprecation: mapred.skip.on is deprecated. Instead, use mapreduce.job.skiprecords
2017-02-11 12:25:18,275 INFO org.apache.hadoop.mapreduce.Job:  map 100% reduce 0%
2017-02-11 12:25:19,638 INFO org.apache.hadoop.mapred.Task: Task:attempt_local1082454907_0001_r_000000_0 is done. And is in the process of committing
2017-02-11 12:25:19,639 INFO org.apache.hadoop.mapred.LocalJobRunner: 1 / 1 copied.
2017-02-11 12:25:19,639 INFO org.apache.hadoop.mapred.Task: Task attempt_local1082454907_0001_r_000000_0 is allowed to commit now
2017-02-11 12:25:19,641 INFO org.apache.hadoop.mapreduce.lib.output.FileOutputCommitter: Saved output of task 'attempt_local1082454907_0001_r_000000_0' to file:/home/cloudera/Desktop/output/output4.txt/_temporary/0/task_local1082454907_0001_r_000000
2017-02-11 12:25:19,645 INFO org.apache.hadoop.mapred.LocalJobRunner: reduce > reduce
2017-02-11 12:25:19,647 INFO org.apache.hadoop.mapred.Task: Task 'attempt_local1082454907_0001_r_000000_0' done.
2017-02-11 12:25:19,647 INFO org.apache.hadoop.mapred.LocalJobRunner: Finishing task: attempt_local1082454907_0001_r_000000_0
2017-02-11 12:25:19,647 INFO org.apache.hadoop.mapred.LocalJobRunner: reduce task executor complete.
2017-02-11 12:25:19,668 WARN org.apache.hadoop.mapred.LocalJobRunner: job_local1082454907_0001
java.lang.NoClassDefFoundError: org/apache/http/client/methods/HttpUriRequest
	at org.apache.hadoop.mapred.LocalJobRunner$Job.run(LocalJobRunner.java:573)
Caused by: java.lang.ClassNotFoundException: org.apache.http.client.methods.HttpUriRequest
	at java.net.URLClassLoader$1.run(URLClassLoader.java:366)
	at java.net.URLClassLoader$1.run(URLClassLoader.java:355)
	at java.security.AccessController.doPrivileged(Native Method)
	at java.net.URLClassLoader.findClass(URLClassLoader.java:354)
	at java.lang.ClassLoader.loadClass(ClassLoader.java:425)
	at sun.misc.Launcher$AppClassLoader.loadClass(Launcher.java:308)
	at java.lang.ClassLoader.loadClass(ClassLoader.java:358)
	... 1 more
2017-02-11 12:25:20,277 INFO org.apache.hadoop.mapreduce.Job:  map 100% reduce 100%
2017-02-11 12:25:20,277 INFO org.apache.hadoop.mapreduce.Job: Job job_local1082454907_0001 failed with state FAILED due to: NA
2017-02-11 12:25:20,288 INFO org.apache.hadoop.mapreduce.Job: Counters: 30
	File System Counters
		FILE: Number of bytes read=927014
		FILE: Number of bytes written=1539884
		FILE: Number of read operations=0
		FILE: Number of large read operations=0
		FILE: Number of write operations=0
	Map-Reduce Framework
		Map input records=6645
		Map output records=6645
		Map output bytes=230667
		Map output materialized bytes=232659
		Input split bytes=108
		Combine input records=6645
		Combine output records=5509
		Reduce input groups=5509
		Reduce shuffle bytes=232659
		Reduce input records=5509
		Reduce output records=6645
		Spilled Records=11018
		Shuffled Maps =1
		Failed Shuffles=0
		Merged Map outputs=1
		GC time elapsed (ms)=60
		Total committed heap usage (bytes)=459284480
	Shuffle Errors
		BAD_ID=0
		CONNECTION=0
		IO_ERROR=0
		WRONG_LENGTH=0
		WRONG_MAP=0
		WRONG_REDUCE=0
	File Input Format Counters 
		Bytes Read=230667
	File Output Format Counters 
		Bytes Written=287549
2017-02-11 12:31:18,888 WARN org.apache.hadoop.util.NativeCodeLoader: Unable to load native-hadoop library for your platform... using builtin-java classes where applicable
2017-02-11 12:31:19,449 INFO org.apache.hadoop.conf.Configuration.deprecation: session.id is deprecated. Instead, use dfs.metrics.session-id
2017-02-11 12:31:19,450 INFO org.apache.hadoop.metrics.jvm.JvmMetrics: Initializing JVM Metrics with processName=JobTracker, sessionId=
2017-02-11 12:31:19,826 WARN org.apache.hadoop.mapreduce.JobResourceUploader: No job jar file set.  User classes may not be found. See Job or Job#setJar(String).
2017-02-11 12:31:19,838 INFO org.apache.hadoop.mapreduce.lib.input.FileInputFormat: Total input paths to process : 2
2017-02-11 12:31:19,871 INFO org.apache.hadoop.mapreduce.JobSubmitter: number of splits:2
2017-02-11 12:31:20,091 INFO org.apache.hadoop.mapreduce.JobSubmitter: Submitting tokens for job: job_local2106349424_0001
2017-02-11 12:31:20,606 INFO org.apache.hadoop.mapreduce.Job: The url to track the job: http://localhost:8080/
2017-02-11 12:31:20,606 INFO org.apache.hadoop.mapreduce.Job: Running job: job_local2106349424_0001
2017-02-11 12:31:20,610 INFO org.apache.hadoop.mapred.LocalJobRunner: OutputCommitter set in config null
2017-02-11 12:31:20,621 INFO org.apache.hadoop.mapreduce.lib.output.FileOutputCommitter: File Output Committer Algorithm version is 1
2017-02-11 12:31:20,632 INFO org.apache.hadoop.mapred.LocalJobRunner: OutputCommitter is org.apache.hadoop.mapreduce.lib.output.FileOutputCommitter
2017-02-11 12:31:20,713 INFO org.apache.hadoop.mapred.LocalJobRunner: Waiting for map tasks
2017-02-11 12:31:20,714 INFO org.apache.hadoop.mapred.LocalJobRunner: Starting task: attempt_local2106349424_0001_m_000000_0
2017-02-11 12:31:20,769 INFO org.apache.hadoop.mapreduce.lib.output.FileOutputCommitter: File Output Committer Algorithm version is 1
2017-02-11 12:31:20,798 INFO org.apache.hadoop.mapred.Task:  Using ResourceCalculatorProcessTree : [ ]
2017-02-11 12:31:20,806 INFO org.apache.hadoop.mapred.MapTask: Processing split: file:/home/cloudera/Downloads/cantrbry/alice29.txt:0+152089
2017-02-11 12:31:21,033 INFO org.apache.hadoop.mapred.MapTask: (EQUATOR) 0 kvi 26214396(104857584)
2017-02-11 12:31:21,034 INFO org.apache.hadoop.mapred.MapTask: mapreduce.task.io.sort.mb: 100
2017-02-11 12:31:21,034 INFO org.apache.hadoop.mapred.MapTask: soft limit at 83886080
2017-02-11 12:31:21,034 INFO org.apache.hadoop.mapred.MapTask: bufstart = 0; bufvoid = 104857600
2017-02-11 12:31:21,034 INFO org.apache.hadoop.mapred.MapTask: kvstart = 26214396; length = 6553600
2017-02-11 12:31:21,046 INFO org.apache.hadoop.mapred.MapTask: Map output collector class = org.apache.hadoop.mapred.MapTask$MapOutputBuffer
2017-02-11 12:31:21,608 INFO org.apache.hadoop.mapreduce.Job: Job job_local2106349424_0001 running in uber mode : false
2017-02-11 12:31:21,610 INFO org.apache.hadoop.mapreduce.Job:  map 0% reduce 0%
2017-02-11 12:31:22,768 INFO org.apache.hadoop.mapred.LocalJobRunner: 
2017-02-11 12:31:22,768 INFO org.apache.hadoop.mapred.MapTask: Starting flush of map output
2017-02-11 12:31:22,768 INFO org.apache.hadoop.mapred.MapTask: Spilling map output
2017-02-11 12:31:22,768 INFO org.apache.hadoop.mapred.MapTask: bufstart = 0; bufend = 823130; bufvoid = 104857600
2017-02-11 12:31:22,768 INFO org.apache.hadoop.mapred.MapTask: kvstart = 26214396(104857584); kvend = 26080176(104320704); length = 134221/6553600
2017-02-11 12:31:23,038 INFO org.apache.hadoop.mapred.MapTask: Finished spill 0
2017-02-11 12:31:23,040 INFO org.apache.hadoop.mapred.Task: Task:attempt_local2106349424_0001_m_000000_0 is done. And is in the process of committing
2017-02-11 12:31:23,058 INFO org.apache.hadoop.mapred.LocalJobRunner: map
2017-02-11 12:31:23,061 INFO org.apache.hadoop.mapred.Task: Task 'attempt_local2106349424_0001_m_000000_0' done.
2017-02-11 12:31:23,061 INFO org.apache.hadoop.mapred.LocalJobRunner: Finishing task: attempt_local2106349424_0001_m_000000_0
2017-02-11 12:31:23,062 INFO org.apache.hadoop.mapred.LocalJobRunner: Starting task: attempt_local2106349424_0001_m_000001_0
2017-02-11 12:31:23,067 INFO org.apache.hadoop.mapreduce.lib.output.FileOutputCommitter: File Output Committer Algorithm version is 1
2017-02-11 12:31:23,067 INFO org.apache.hadoop.mapred.Task:  Using ResourceCalculatorProcessTree : [ ]
2017-02-11 12:31:23,068 INFO org.apache.hadoop.mapred.MapTask: Processing split: file:/home/cloudera/Downloads/cantrbry/asyoulik.txt:0+125179
2017-02-11 12:31:23,123 INFO org.apache.hadoop.mapred.MapTask: (EQUATOR) 0 kvi 26214396(104857584)
2017-02-11 12:31:23,123 INFO org.apache.hadoop.mapred.MapTask: mapreduce.task.io.sort.mb: 100
2017-02-11 12:31:23,124 INFO org.apache.hadoop.mapred.MapTask: soft limit at 83886080
2017-02-11 12:31:23,124 INFO org.apache.hadoop.mapred.MapTask: bufstart = 0; bufvoid = 104857600
2017-02-11 12:31:23,124 INFO org.apache.hadoop.mapred.MapTask: kvstart = 26214396; length = 6553600
2017-02-11 12:31:23,127 INFO org.apache.hadoop.mapred.MapTask: Map output collector class = org.apache.hadoop.mapred.MapTask$MapOutputBuffer
2017-02-11 12:31:23,328 INFO org.apache.hadoop.mapred.LocalJobRunner: 
2017-02-11 12:31:23,330 INFO org.apache.hadoop.mapred.MapTask: Starting flush of map output
2017-02-11 12:31:23,330 INFO org.apache.hadoop.mapred.MapTask: Spilling map output
2017-02-11 12:31:23,330 INFO org.apache.hadoop.mapred.MapTask: bufstart = 0; bufend = 721423; bufvoid = 104857600
2017-02-11 12:31:23,330 INFO org.apache.hadoop.mapred.MapTask: kvstart = 26214396(104857584); kvend = 26101232(104404928); length = 113165/6553600
2017-02-11 12:31:23,431 INFO org.apache.hadoop.mapred.MapTask: Finished spill 0
2017-02-11 12:31:23,433 INFO org.apache.hadoop.mapred.Task: Task:attempt_local2106349424_0001_m_000001_0 is done. And is in the process of committing
2017-02-11 12:31:23,434 INFO org.apache.hadoop.mapred.LocalJobRunner: map
2017-02-11 12:31:23,434 INFO org.apache.hadoop.mapred.Task: Task 'attempt_local2106349424_0001_m_000001_0' done.
2017-02-11 12:31:23,434 INFO org.apache.hadoop.mapred.LocalJobRunner: Finishing task: attempt_local2106349424_0001_m_000001_0
2017-02-11 12:31:23,434 INFO org.apache.hadoop.mapred.LocalJobRunner: map task executor complete.
2017-02-11 12:31:23,437 INFO org.apache.hadoop.mapred.LocalJobRunner: Waiting for reduce tasks
2017-02-11 12:31:23,437 INFO org.apache.hadoop.mapred.LocalJobRunner: Starting task: attempt_local2106349424_0001_r_000000_0
2017-02-11 12:31:23,442 INFO org.apache.hadoop.mapreduce.lib.output.FileOutputCommitter: File Output Committer Algorithm version is 1
2017-02-11 12:31:23,443 INFO org.apache.hadoop.mapred.Task:  Using ResourceCalculatorProcessTree : [ ]
2017-02-11 12:31:23,445 INFO org.apache.hadoop.mapred.ReduceTask: Using ShuffleConsumerPlugin: org.apache.hadoop.mapreduce.task.reduce.Shuffle@1ae418e6
2017-02-11 12:31:23,455 INFO org.apache.hadoop.mapreduce.task.reduce.MergeManagerImpl: MergerManager: memoryLimit=1396395136, maxSingleShuffleLimit=349098784, mergeThreshold=921620800, ioSortFactor=10, memToMemMergeOutputsThreshold=10
2017-02-11 12:31:23,461 INFO org.apache.hadoop.mapreduce.task.reduce.EventFetcher: attempt_local2106349424_0001_r_000000_0 Thread started: EventFetcher for fetching Map Completion Events
2017-02-11 12:31:23,490 INFO org.apache.hadoop.mapreduce.task.reduce.LocalFetcher: localfetcher#1 about to shuffle output of map attempt_local2106349424_0001_m_000001_0 decomp: 778009 len: 778013 to MEMORY
2017-02-11 12:31:23,497 INFO org.apache.hadoop.mapreduce.task.reduce.InMemoryMapOutput: Read 778009 bytes from map-output for attempt_local2106349424_0001_m_000001_0
2017-02-11 12:31:23,501 INFO org.apache.hadoop.mapreduce.task.reduce.MergeManagerImpl: closeInMemoryFile -> map-output of size: 778009, inMemoryMapOutputs.size() -> 1, commitMemory -> 0, usedMemory ->778009
2017-02-11 12:31:23,504 INFO org.apache.hadoop.mapreduce.task.reduce.LocalFetcher: localfetcher#1 about to shuffle output of map attempt_local2106349424_0001_m_000000_0 decomp: 890244 len: 890248 to MEMORY
2017-02-11 12:31:23,509 INFO org.apache.hadoop.mapreduce.task.reduce.InMemoryMapOutput: Read 890244 bytes from map-output for attempt_local2106349424_0001_m_000000_0
2017-02-11 12:31:23,509 INFO org.apache.hadoop.mapreduce.task.reduce.MergeManagerImpl: closeInMemoryFile -> map-output of size: 890244, inMemoryMapOutputs.size() -> 2, commitMemory -> 778009, usedMemory ->1668253
2017-02-11 12:31:23,509 INFO org.apache.hadoop.mapreduce.task.reduce.EventFetcher: EventFetcher is interrupted.. Returning
2017-02-11 12:31:23,510 INFO org.apache.hadoop.mapred.LocalJobRunner: 2 / 2 copied.
2017-02-11 12:31:23,510 INFO org.apache.hadoop.mapreduce.task.reduce.MergeManagerImpl: finalMerge called with 2 in-memory map-outputs and 0 on-disk map-outputs
2017-02-11 12:31:23,517 INFO org.apache.hadoop.mapred.Merger: Merging 2 sorted segments
2017-02-11 12:31:23,518 INFO org.apache.hadoop.mapred.Merger: Down to the last merge-pass, with 2 segments left of total size: 1668210 bytes
2017-02-11 12:31:23,612 INFO org.apache.hadoop.mapreduce.Job:  map 100% reduce 0%
2017-02-11 12:31:23,784 INFO org.apache.hadoop.mapreduce.task.reduce.MergeManagerImpl: Merged 2 segments, 1668253 bytes to disk to satisfy reduce memory limit
2017-02-11 12:31:23,784 INFO org.apache.hadoop.mapreduce.task.reduce.MergeManagerImpl: Merging 1 files, 1668255 bytes from disk
2017-02-11 12:31:23,784 INFO org.apache.hadoop.mapreduce.task.reduce.MergeManagerImpl: Merging 0 segments, 0 bytes from memory into reduce
2017-02-11 12:31:23,785 INFO org.apache.hadoop.mapred.Merger: Merging 1 sorted segments
2017-02-11 12:31:23,785 INFO org.apache.hadoop.mapred.Merger: Down to the last merge-pass, with 1 segments left of total size: 1668228 bytes
2017-02-11 12:31:23,785 INFO org.apache.hadoop.mapred.LocalJobRunner: 2 / 2 copied.
2017-02-11 12:31:23,798 INFO org.apache.hadoop.conf.Configuration.deprecation: mapred.skip.on is deprecated. Instead, use mapreduce.job.skiprecords
2017-02-11 12:31:24,477 INFO org.apache.hadoop.mapred.Task: Task:attempt_local2106349424_0001_r_000000_0 is done. And is in the process of committing
2017-02-11 12:31:24,483 INFO org.apache.hadoop.mapred.LocalJobRunner: 2 / 2 copied.
2017-02-11 12:31:24,483 INFO org.apache.hadoop.mapred.Task: Task attempt_local2106349424_0001_r_000000_0 is allowed to commit now
2017-02-11 12:31:24,484 INFO org.apache.hadoop.mapreduce.lib.output.FileOutputCommitter: Saved output of task 'attempt_local2106349424_0001_r_000000_0' to file:/home/cloudera/Desktop/output/output3.txt/_temporary/0/task_local2106349424_0001_r_000000
2017-02-11 12:31:24,485 INFO org.apache.hadoop.mapred.LocalJobRunner: reduce > reduce
2017-02-11 12:31:24,485 INFO org.apache.hadoop.mapred.Task: Task 'attempt_local2106349424_0001_r_000000_0' done.
2017-02-11 12:31:24,485 INFO org.apache.hadoop.mapred.LocalJobRunner: Finishing task: attempt_local2106349424_0001_r_000000_0
2017-02-11 12:31:24,485 INFO org.apache.hadoop.mapred.LocalJobRunner: reduce task executor complete.
2017-02-11 12:31:24,501 WARN org.apache.hadoop.mapred.LocalJobRunner: job_local2106349424_0001
java.lang.NoClassDefFoundError: org/apache/http/client/methods/HttpUriRequest
	at org.apache.hadoop.mapred.LocalJobRunner$Job.run(LocalJobRunner.java:573)
Caused by: java.lang.ClassNotFoundException: org.apache.http.client.methods.HttpUriRequest
	at java.net.URLClassLoader$1.run(URLClassLoader.java:366)
	at java.net.URLClassLoader$1.run(URLClassLoader.java:355)
	at java.security.AccessController.doPrivileged(Native Method)
	at java.net.URLClassLoader.findClass(URLClassLoader.java:354)
	at java.lang.ClassLoader.loadClass(ClassLoader.java:425)
	at sun.misc.Launcher$AppClassLoader.loadClass(Launcher.java:308)
	at java.lang.ClassLoader.loadClass(ClassLoader.java:358)
	... 1 more
2017-02-11 12:31:24,613 INFO org.apache.hadoop.mapreduce.Job:  map 100% reduce 100%
2017-02-11 12:31:24,613 INFO org.apache.hadoop.mapreduce.Job: Job job_local2106349424_0001 failed with state FAILED due to: NA
2017-02-11 12:31:24,638 INFO org.apache.hadoop.mapreduce.Job: Counters: 30
	File System Counters
		FILE: Number of bytes read=4044617
		FILE: Number of bytes written=6955748
		FILE: Number of read operations=0
		FILE: Number of large read operations=0
		FILE: Number of write operations=0
	Map-Reduce Framework
		Map input records=7731
		Map output records=61848
		Map output bytes=1544553
		Map output materialized bytes=1668261
		Input split bytes=231
		Combine input records=0
		Combine output records=0
		Reduce input groups=6645
		Reduce shuffle bytes=1668261
		Reduce input records=61848
		Reduce output records=6645
		Spilled Records=123696
		Shuffled Maps =2
		Failed Shuffles=0
		Merged Map outputs=2
		GC time elapsed (ms)=120
		Total committed heap usage (bytes)=783298560
	Shuffle Errors
		BAD_ID=0
		CONNECTION=0
		IO_ERROR=0
		WRONG_LENGTH=0
		WRONG_MAP=0
		WRONG_REDUCE=0
	File Input Format Counters 
		Bytes Read=277268
	File Output Format Counters 
		Bytes Written=232479
2017-02-11 12:31:24,674 INFO org.apache.hadoop.metrics.jvm.JvmMetrics: Cannot initialize JVM Metrics with processName=JobTracker, sessionId= - already initialized
2017-02-11 12:31:24,694 WARN org.apache.hadoop.mapreduce.JobResourceUploader: No job jar file set.  User classes may not be found. See Job or Job#setJar(String).
2017-02-11 12:31:24,702 INFO org.apache.hadoop.mapreduce.lib.input.FileInputFormat: Total input paths to process : 1
2017-02-11 12:31:24,729 INFO org.apache.hadoop.mapreduce.JobSubmitter: number of splits:1
2017-02-11 12:31:24,771 INFO org.apache.hadoop.mapreduce.JobSubmitter: Submitting tokens for job: job_local923954498_0002
2017-02-11 12:31:24,966 INFO org.apache.hadoop.mapreduce.Job: The url to track the job: http://localhost:8080/
2017-02-11 12:31:24,966 INFO org.apache.hadoop.mapreduce.Job: Running job: job_local923954498_0002
2017-02-11 12:31:24,971 INFO org.apache.hadoop.mapred.LocalJobRunner: OutputCommitter set in config null
2017-02-11 12:31:24,972 INFO org.apache.hadoop.mapreduce.lib.output.FileOutputCommitter: File Output Committer Algorithm version is 1
2017-02-11 12:31:24,972 INFO org.apache.hadoop.mapred.LocalJobRunner: OutputCommitter is org.apache.hadoop.mapreduce.lib.output.FileOutputCommitter
2017-02-11 12:31:24,982 INFO org.apache.hadoop.mapred.LocalJobRunner: Waiting for map tasks
2017-02-11 12:31:24,983 INFO org.apache.hadoop.mapred.LocalJobRunner: Starting task: attempt_local923954498_0002_m_000000_0
2017-02-11 12:31:24,987 INFO org.apache.hadoop.mapreduce.lib.output.FileOutputCommitter: File Output Committer Algorithm version is 1
2017-02-11 12:31:24,988 INFO org.apache.hadoop.mapred.Task:  Using ResourceCalculatorProcessTree : [ ]
2017-02-11 12:31:24,989 INFO org.apache.hadoop.mapred.MapTask: Processing split: file:/home/cloudera/Desktop/output/output3.txt/part-r-00000:0+230667
2017-02-11 12:31:25,069 INFO org.apache.hadoop.mapred.MapTask: (EQUATOR) 0 kvi 26214396(104857584)
2017-02-11 12:31:25,070 INFO org.apache.hadoop.mapred.MapTask: mapreduce.task.io.sort.mb: 100
2017-02-11 12:31:25,070 INFO org.apache.hadoop.mapred.MapTask: soft limit at 83886080
2017-02-11 12:31:25,070 INFO org.apache.hadoop.mapred.MapTask: bufstart = 0; bufvoid = 104857600
2017-02-11 12:31:25,070 INFO org.apache.hadoop.mapred.MapTask: kvstart = 26214396; length = 6553600
2017-02-11 12:31:25,078 INFO org.apache.hadoop.mapred.MapTask: Map output collector class = org.apache.hadoop.mapred.MapTask$MapOutputBuffer
2017-02-11 12:31:25,967 INFO org.apache.hadoop.mapreduce.Job: Job job_local923954498_0002 running in uber mode : false
2017-02-11 12:31:25,967 INFO org.apache.hadoop.mapreduce.Job:  map 0% reduce 0%
2017-02-11 12:31:25,978 INFO org.apache.hadoop.mapred.LocalJobRunner: 
2017-02-11 12:31:25,980 INFO org.apache.hadoop.mapred.MapTask: Starting flush of map output
2017-02-11 12:31:25,980 INFO org.apache.hadoop.mapred.MapTask: Spilling map output
2017-02-11 12:31:25,980 INFO org.apache.hadoop.mapred.MapTask: bufstart = 0; bufend = 230667; bufvoid = 104857600
2017-02-11 12:31:25,980 INFO org.apache.hadoop.mapred.MapTask: kvstart = 26214396(104857584); kvend = 26187820(104751280); length = 26577/6553600
2017-02-11 12:31:26,779 INFO org.apache.hadoop.mapred.MapTask: Finished spill 0
2017-02-11 12:31:26,780 INFO org.apache.hadoop.mapred.Task: Task:attempt_local923954498_0002_m_000000_0 is done. And is in the process of committing
2017-02-11 12:31:26,783 INFO org.apache.hadoop.mapred.LocalJobRunner: map
2017-02-11 12:31:26,783 INFO org.apache.hadoop.mapred.Task: Task 'attempt_local923954498_0002_m_000000_0' done.
2017-02-11 12:31:26,783 INFO org.apache.hadoop.mapred.LocalJobRunner: Finishing task: attempt_local923954498_0002_m_000000_0
2017-02-11 12:31:26,783 INFO org.apache.hadoop.mapred.LocalJobRunner: map task executor complete.
2017-02-11 12:31:26,785 INFO org.apache.hadoop.mapred.LocalJobRunner: Waiting for reduce tasks
2017-02-11 12:31:26,785 INFO org.apache.hadoop.mapred.LocalJobRunner: Starting task: attempt_local923954498_0002_r_000000_0
2017-02-11 12:31:26,792 INFO org.apache.hadoop.mapreduce.lib.output.FileOutputCommitter: File Output Committer Algorithm version is 1
2017-02-11 12:31:26,792 INFO org.apache.hadoop.mapred.Task:  Using ResourceCalculatorProcessTree : [ ]
2017-02-11 12:31:26,792 INFO org.apache.hadoop.mapred.ReduceTask: Using ShuffleConsumerPlugin: org.apache.hadoop.mapreduce.task.reduce.Shuffle@71ffd9f1
2017-02-11 12:31:26,793 INFO org.apache.hadoop.mapreduce.task.reduce.MergeManagerImpl: MergerManager: memoryLimit=1396395136, maxSingleShuffleLimit=349098784, mergeThreshold=921620800, ioSortFactor=10, memToMemMergeOutputsThreshold=10
2017-02-11 12:31:26,797 INFO org.apache.hadoop.mapreduce.task.reduce.EventFetcher: attempt_local923954498_0002_r_000000_0 Thread started: EventFetcher for fetching Map Completion Events
2017-02-11 12:31:26,800 INFO org.apache.hadoop.mapreduce.task.reduce.LocalFetcher: localfetcher#2 about to shuffle output of map attempt_local923954498_0002_m_000000_0 decomp: 232655 len: 232659 to MEMORY
2017-02-11 12:31:26,801 INFO org.apache.hadoop.mapreduce.task.reduce.InMemoryMapOutput: Read 232655 bytes from map-output for attempt_local923954498_0002_m_000000_0
2017-02-11 12:31:26,802 INFO org.apache.hadoop.mapreduce.task.reduce.MergeManagerImpl: closeInMemoryFile -> map-output of size: 232655, inMemoryMapOutputs.size() -> 1, commitMemory -> 0, usedMemory ->232655
2017-02-11 12:31:26,802 INFO org.apache.hadoop.mapreduce.task.reduce.EventFetcher: EventFetcher is interrupted.. Returning
2017-02-11 12:31:26,803 INFO org.apache.hadoop.mapred.LocalJobRunner: 1 / 1 copied.
2017-02-11 12:31:26,803 INFO org.apache.hadoop.mapreduce.task.reduce.MergeManagerImpl: finalMerge called with 1 in-memory map-outputs and 0 on-disk map-outputs
2017-02-11 12:31:26,804 INFO org.apache.hadoop.mapred.Merger: Merging 1 sorted segments
2017-02-11 12:31:26,804 INFO org.apache.hadoop.mapred.Merger: Down to the last merge-pass, with 1 segments left of total size: 232651 bytes
2017-02-11 12:31:26,820 INFO org.apache.hadoop.mapreduce.task.reduce.MergeManagerImpl: Merged 1 segments, 232655 bytes to disk to satisfy reduce memory limit
2017-02-11 12:31:26,822 INFO org.apache.hadoop.mapreduce.task.reduce.MergeManagerImpl: Merging 1 files, 232659 bytes from disk
2017-02-11 12:31:26,822 INFO org.apache.hadoop.mapreduce.task.reduce.MergeManagerImpl: Merging 0 segments, 0 bytes from memory into reduce
2017-02-11 12:31:26,822 INFO org.apache.hadoop.mapred.Merger: Merging 1 sorted segments
2017-02-11 12:31:26,822 INFO org.apache.hadoop.mapred.Merger: Down to the last merge-pass, with 1 segments left of total size: 232651 bytes
2017-02-11 12:31:26,823 INFO org.apache.hadoop.mapred.LocalJobRunner: 1 / 1 copied.
2017-02-11 12:31:26,967 INFO org.apache.hadoop.mapreduce.Job:  map 100% reduce 0%
2017-02-11 12:31:27,685 INFO org.apache.hadoop.mapred.Task: Task:attempt_local923954498_0002_r_000000_0 is done. And is in the process of committing
2017-02-11 12:31:27,697 INFO org.apache.hadoop.mapred.LocalJobRunner: 1 / 1 copied.
2017-02-11 12:31:27,697 INFO org.apache.hadoop.mapred.Task: Task attempt_local923954498_0002_r_000000_0 is allowed to commit now
2017-02-11 12:31:27,698 INFO org.apache.hadoop.mapreduce.lib.output.FileOutputCommitter: Saved output of task 'attempt_local923954498_0002_r_000000_0' to file:/home/cloudera/Desktop/output/output4.txt/_temporary/0/task_local923954498_0002_r_000000
2017-02-11 12:31:27,698 INFO org.apache.hadoop.mapred.LocalJobRunner: reduce > reduce
2017-02-11 12:31:27,700 INFO org.apache.hadoop.mapred.Task: Task 'attempt_local923954498_0002_r_000000_0' done.
2017-02-11 12:31:27,700 INFO org.apache.hadoop.mapred.LocalJobRunner: Finishing task: attempt_local923954498_0002_r_000000_0
2017-02-11 12:31:27,700 INFO org.apache.hadoop.mapred.LocalJobRunner: reduce task executor complete.
2017-02-11 12:31:27,712 WARN org.apache.hadoop.mapred.LocalJobRunner: job_local923954498_0002
java.lang.NoClassDefFoundError: org/apache/http/client/methods/HttpUriRequest
	at org.apache.hadoop.mapred.LocalJobRunner$Job.run(LocalJobRunner.java:573)
Caused by: java.lang.ClassNotFoundException: org.apache.http.client.methods.HttpUriRequest
	at java.net.URLClassLoader$1.run(URLClassLoader.java:366)
	at java.net.URLClassLoader$1.run(URLClassLoader.java:355)
	at java.security.AccessController.doPrivileged(Native Method)
	at java.net.URLClassLoader.findClass(URLClassLoader.java:354)
	at java.lang.ClassLoader.loadClass(ClassLoader.java:425)
	at sun.misc.Launcher$AppClassLoader.loadClass(Launcher.java:308)
	at java.lang.ClassLoader.loadClass(ClassLoader.java:358)
	... 1 more
2017-02-11 12:31:27,968 INFO org.apache.hadoop.mapreduce.Job:  map 100% reduce 100%
2017-02-11 12:31:27,968 INFO org.apache.hadoop.mapreduce.Job: Job job_local923954498_0002 failed with state FAILED due to: NA
2017-02-11 12:31:27,971 INFO org.apache.hadoop.mapreduce.Job: Counters: 30
	File System Counters
		FILE: Number of bytes read=8159482
		FILE: Number of bytes written=9227114
		FILE: Number of read operations=0
		FILE: Number of large read operations=0
		FILE: Number of write operations=0
	Map-Reduce Framework
		Map input records=6645
		Map output records=6645
		Map output bytes=230667
		Map output materialized bytes=232659
		Input split bytes=124
		Combine input records=6645
		Combine output records=5509
		Reduce input groups=5509
		Reduce shuffle bytes=232659
		Reduce input records=5509
		Reduce output records=6645
		Spilled Records=11018
		Shuffled Maps =1
		Failed Shuffles=0
		Merged Map outputs=1
		GC time elapsed (ms)=28
		Total committed heap usage (bytes)=523247616
	Shuffle Errors
		BAD_ID=0
		CONNECTION=0
		IO_ERROR=0
		WRONG_LENGTH=0
		WRONG_MAP=0
		WRONG_REDUCE=0
	File Input Format Counters 
		Bytes Read=232483
	File Output Format Counters 
		Bytes Written=287549
